C51 COMPILER V9.00   DISPLAY                                                               06/27/2015 09:59:03 PAGE 1   


C51 COMPILER V9.00, COMPILATION OF MODULE DISPLAY
OBJECT MODULE PLACED IN ..\OBJ\display.obj
COMPILER INVOKED BY: D:\Program Files\Keil\C51\BIN\C51.EXE ..\USER\display.c BROWSE INCDIR(..\HARDWARE\LCD12864;..\HARDW
                    -ARE\TIMER;..\HARDWARE\TLC5615;..\PROJECT;..\USER;..\HARDWARE\LCD1602) DEBUG OBJECTEXTEND PRINT(.\display.lst) OBJECT(..\
                    -OBJ\display.obj)

line level    source

   1          #include "display.h"
   2          #include "lcd12864.h"
   3          //#include "lcd1602.h"
   4          #include "timer.h"
   5          code u8 logo[] = {
   6          0x00,0x00,0x00,0x00,0x00,0x50,0x01,0xA0,0x04,0x00,0x00,0x00,0x00,0x00,0x00,0x00,
   7          0x00,0x00,0x00,0x00,0x00,0x00,0x02,0x00,0x00,0x20,0x00,0x00,0x00,0x00,0x00,0x00,
   8          0x00,0x00,0x00,0x00,0x00,0x00,0x00,0x40,0x00,0x00,0x00,0x00,0x00,0x00,0x00,0x00,
   9          0x00,0x00,0x00,0x00,0x00,0x00,0x00,0x00,0x00,0x00,0x00,0x00,0x00,0x00,0x00,0x00,
  10          0x00,0x00,0x00,0x00,0x00,0x00,0x07,0xFF,0xF0,0x00,0x00,0x00,0x00,0x00,0x00,0x00,
  11          0x00,0x00,0x00,0x00,0x00,0x00,0x1E,0x00,0x3C,0x00,0x00,0x00,0x00,0x00,0x00,0x00,
  12          0x00,0x00,0x00,0x00,0x00,0x00,0xC0,0x80,0x03,0x80,0x00,0x00,0x00,0x00,0x00,0x00,
  13          0x00,0x00,0x00,0x00,0x00,0x03,0x00,0xC0,0xC0,0x60,0x00,0x00,0x00,0x00,0x00,0x00,
  14          0x00,0x00,0x00,0x00,0x00,0x06,0x03,0x81,0xD0,0x30,0x00,0x00,0x00,0x00,0x00,0x00,
  15          0x00,0x00,0x00,0x00,0x04,0x19,0x03,0x00,0x40,0x4C,0x00,0x00,0x00,0x00,0x00,0x00,
  16          0x00,0x00,0x00,0x00,0x00,0x31,0x82,0x40,0x00,0x46,0x00,0x00,0x00,0x00,0x00,0x00,
  17          0x00,0x00,0x00,0x00,0x00,0x41,0xC0,0x7F,0x80,0x81,0x00,0x00,0x00,0x00,0x00,0x00,
  18          0x00,0x00,0x00,0x00,0x00,0xC1,0xC7,0x80,0xF0,0x10,0x80,0x00,0x00,0x00,0x00,0x00,
  19          0x00,0x00,0x00,0x00,0x01,0x00,0x98,0x00,0x0C,0x00,0xC0,0x00,0x00,0x00,0x00,0x00,
  20          0x00,0x00,0x00,0x00,0x03,0x60,0x60,0x3E,0x03,0x00,0x40,0x00,0x00,0x00,0x00,0x00,
  21          0x00,0x00,0x00,0x00,0x04,0xF0,0x83,0xFF,0xF0,0x84,0x30,0x00,0x00,0x00,0x00,0x00,
  22          0x00,0x00,0x00,0x00,0x04,0x79,0x8F,0xFF,0xF8,0x41,0x90,0x00,0x00,0x00,0x00,0x00,
  23          0x00,0x00,0x00,0x00,0x08,0x22,0x3F,0xFF,0xFE,0x23,0x08,0x00,0x00,0x00,0x00,0x00,
  24          0x00,0x00,0x00,0x00,0x00,0x04,0x7F,0xFF,0xF8,0x10,0x08,0x00,0x00,0x00,0x00,0x00,
  25          0x00,0x00,0x00,0x00,0x10,0x08,0xFF,0xFF,0xA0,0x08,0x04,0x00,0x00,0x00,0x00,0x00,
  26          0x00,0x00,0x00,0x00,0x10,0x11,0xFF,0xFF,0xE1,0xC4,0x04,0x00,0x00,0x00,0x00,0x00,
  27          0x00,0x00,0x00,0x00,0x20,0x13,0xFF,0xFF,0xE3,0xE6,0x02,0x00,0x00,0x00,0x00,0x00,
  28          0x00,0x00,0x00,0x00,0x20,0x27,0xFF,0xFF,0xFF,0xC2,0x02,0x00,0x00,0x00,0x00,0x00,
  29          0x00,0x00,0x00,0x00,0x60,0x07,0xFF,0xFF,0xFF,0x80,0x02,0x00,0x00,0x00,0x00,0x00,
  30          0x00,0x00,0x00,0x00,0x40,0x4F,0xFF,0xFF,0xFE,0x01,0x01,0x00,0x00,0x00,0x00,0x00,
  31          0x00,0x00,0x00,0x00,0x40,0x4F,0xFF,0xFF,0xFC,0x19,0x01,0x00,0x00,0x00,0x00,0x00,
  32          0x00,0x00,0x00,0x00,0x40,0xDF,0xFF,0xFF,0x80,0x78,0x01,0x00,0x00,0x00,0x00,0x00,
  33          0x00,0x00,0x00,0x00,0x18,0x9F,0xFF,0xFF,0xE0,0xFC,0x99,0x00,0x00,0x00,0x00,0x00,
  34          0x00,0x00,0x00,0x00,0x04,0x9F,0xFF,0xFF,0xE3,0xF0,0x91,0x80,0x00,0x00,0x00,0x00,
  35          0x00,0x00,0x00,0x00,0x88,0xBF,0xFF,0xFF,0xFF,0xC0,0x98,0x80,0x00,0x00,0x00,0x00,
  36          0x00,0x00,0x00,0x00,0x9C,0xBF,0xFF,0xFF,0xFF,0x80,0x9C,0x80,0x00,0x00,0x00,0x00,
  37          0x00,0x00,0x00,0x00,0x88,0xBF,0xFF,0xFF,0xFF,0x06,0x90,0x80,0x00,0x00,0x00,0x00,
  38          0x00,0x00,0x00,0x00,0x90,0xBF,0xFF,0xFF,0xFC,0x0E,0x8C,0x80,0x00,0x00,0x00,0x00,
  39          0x00,0x00,0x00,0x00,0x88,0xBF,0xFF,0xFF,0x80,0x7E,0x80,0x80,0x00,0x00,0x00,0x00,
  40          0x00,0x00,0x00,0x00,0x88,0xBF,0xFF,0xFF,0xE0,0xFE,0x80,0x80,0x00,0x00,0x00,0x00,
  41          0x00,0x00,0x00,0x00,0x9C,0xBF,0xFF,0xFF,0xE3,0xF8,0x9D,0x80,0x00,0x00,0x00,0x00,
  42          0x00,0x00,0x00,0x00,0x1C,0x9F,0xFF,0xFF,0xE7,0xE0,0x95,0x80,0x00,0x00,0x00,0x00,
  43          0x00,0x00,0x00,0x00,0x04,0x9F,0xFF,0xFF,0xFF,0x80,0x99,0x00,0x00,0x00,0x00,0x00,
  44          0x00,0x00,0x00,0x00,0x50,0x5F,0xFF,0xFF,0xFF,0x01,0x0D,0x00,0x00,0x00,0x00,0x00,
  45          0x00,0x00,0x00,0x00,0x42,0x4F,0xFF,0xFF,0xFE,0x19,0x11,0x40,0x00,0x00,0x00,0x00,
  46          0x00,0x00,0x00,0x00,0x40,0x4F,0xFF,0xFF,0xF0,0x79,0x10,0x60,0x00,0x00,0x00,0x00,
  47          0x00,0x00,0x00,0x00,0x20,0x27,0xFF,0xFE,0xE0,0xF0,0x42,0x40,0x00,0x00,0x00,0x00,
  48          0x00,0x00,0x00,0x00,0x20,0x27,0xFF,0xFF,0xE3,0xF2,0x32,0x40,0x00,0x00,0x00,0x00,
  49          0x00,0x00,0x00,0x00,0x20,0x13,0xFF,0xFF,0xEF,0xE6,0x82,0x00,0x00,0x00,0x00,0x00,
  50          0x00,0x00,0x00,0x00,0x13,0x11,0xFF,0xFF,0xFF,0x80,0x14,0x00,0x00,0x00,0x00,0x00,
  51          0x00,0x00,0x00,0x00,0x11,0x49,0xFF,0xFF,0xFF,0x09,0x84,0x00,0x00,0x00,0x00,0x00,
  52          0x00,0x00,0x00,0x00,0x09,0xC4,0x7F,0xFF,0xFC,0x10,0x08,0x00,0x00,0x00,0x00,0x00,
  53          0x00,0x00,0x00,0x00,0x0C,0x22,0x3F,0xFF,0xF0,0x66,0x10,0x00,0x00,0x00,0x00,0x00,
C51 COMPILER V9.00   DISPLAY                                                               06/27/2015 09:59:03 PAGE 2   

  54          0x00,0x00,0x00,0x00,0x04,0x51,0x8F,0xFF,0xE0,0xC3,0x10,0x00,0x00,0x00,0x00,0x00,
  55          0x00,0x00,0x00,0x00,0x02,0x00,0x43,0xFB,0xE1,0x09,0x20,0x00,0x00,0x00,0x00,0x00,
  56          0x00,0x00,0x00,0x00,0x03,0x2C,0x30,0x77,0x82,0x10,0x40,0x00,0x00,0x00,0x00,0x00,
  57          0x00,0x00,0x00,0x00,0x00,0x90,0x0E,0x00,0x38,0x0C,0xC0,0x00,0x00,0x00,0x00,0x00,
  58          0x00,0x00,0x00,0x00,0x00,0xC4,0x87,0x80,0xF0,0x08,0x80,0x00,0x00,0x00,0x00,0x00,
  59          0x00,0x00,0x00,0x00,0x00,0x20,0x20,0x00,0x02,0xD3,0x00,0x00,0x00,0x00,0x00,0x00,
  60          0x00,0x00,0x00,0x00,0x00,0x30,0x88,0x00,0x05,0x26,0x00,0x00,0x00,0x00,0x00,0x00,
  61          0x00,0x00,0x00,0x00,0x00,0x08,0x44,0x20,0x61,0x88,0x00,0x00,0x00,0x00,0x00,0x00,
  62          0x00,0x00,0x00,0x00,0x00,0x06,0x14,0x00,0x52,0x30,0x00,0x00,0x00,0x00,0x00,0x00,
  63          0x00,0x00,0x00,0x00,0x00,0x01,0x80,0x00,0x40,0xC0,0x00,0x00,0x00,0x00,0x00,0x00,
  64          0x00,0x00,0x00,0x00,0x00,0x00,0x70,0x08,0x07,0x00,0x00,0x00,0x00,0x00,0x00,0x00,
  65          0x00,0x00,0x00,0x00,0x00,0x00,0x1E,0x00,0x3C,0x40,0x00,0x00,0x00,0x00,0x00,0x00,
  66          0x00,0x00,0x00,0x00,0x00,0x00,0x01,0xFF,0xC0,0x00,0x00,0x00,0x00,0x00,0x00,0x00,
  67          0x00,0x00,0x00,0x00,0x00,0x00,0x00,0x00,0x00,0x00,0x00,0x00,0x00,0x00,0x00,0x00,
  68          0x00,0x00,0x00,0x00,0x00,0x00,0x00,0x00,0x00,0x00,0x00,0x00,0x00,0x00,0x00,0x00,
  69          0x00,0x00,0x00,0x00,0x00,0x00,0x00,0x18,0x00,0x00,0x00,0x00,0x00,0x00,0x00,0x00,
  70          };
  71          code u8 teacher[] = {
  72          0x00,0x00,0x00,0x00,0x00,0x00,0x00,0x00,0x00,0x00,0x00,0x00,0x00,0x00,0x00,0x00,
  73          0x00,0x00,0x00,0x00,0x00,0x00,0x00,0x00,0x00,0x00,0x00,0x00,0x00,0x00,0x00,0x00,
  74          0x00,0x00,0x00,0x00,0x00,0x00,0x00,0x00,0x00,0x00,0x00,0x00,0x00,0x00,0x00,0x00,
  75          0x00,0x00,0x00,0x00,0x00,0x00,0x00,0x00,0x00,0x00,0x00,0x00,0x00,0x00,0x00,0x00,
  76          0x00,0x00,0x00,0x00,0x00,0x00,0x00,0x00,0x00,0x00,0x00,0x00,0x00,0x00,0x00,0x00,
  77          0x00,0x00,0x00,0x00,0x00,0x00,0x00,0x00,0x00,0x00,0x00,0x00,0x00,0x00,0x00,0x00,
  78          0x00,0x00,0x00,0x00,0x00,0x00,0x00,0x00,0x00,0x00,0x00,0x00,0x00,0x00,0x00,0x00,
  79          0x00,0x00,0x00,0x00,0x00,0x00,0x00,0x00,0x00,0x00,0x00,0x00,0x00,0x00,0x00,0x00,
  80          0x00,0x00,0x00,0x00,0x00,0x00,0x00,0x00,0x00,0x00,0x00,0x00,0x00,0x00,0x00,0x00,
  81          0x00,0x00,0x00,0x00,0x00,0x00,0x00,0x00,0x00,0x00,0x00,0x00,0x00,0x00,0x00,0x00,
  82          0x00,0x18,0xC0,0x00,0x00,0x00,0x07,0x00,0x02,0x00,0x00,0x00,0x00,0x00,0x00,0x00,
  83          0x00,0x1C,0xE0,0x03,0xFF,0xE0,0x06,0x00,0x03,0x80,0x60,0x00,0x00,0x00,0x00,0x00,
  84          0x00,0x18,0xC3,0xC3,0x80,0xC0,0x06,0x00,0x03,0xFF,0xF0,0x00,0x00,0x00,0x00,0x00,
  85          0x00,0x18,0xDE,0x03,0x80,0xC0,0x06,0x6F,0x1B,0x0E,0x00,0x00,0x00,0x00,0x00,0x00,
  86          0x00,0x1B,0xF0,0x43,0x80,0xC0,0xFF,0xFC,0x1B,0x6E,0xC0,0x00,0x00,0x00,0x00,0x00,
  87          0x00,0xFF,0xC0,0xC3,0xFF,0xD0,0x06,0x38,0x1B,0x7F,0xE0,0x00,0x00,0x00,0x00,0x00,
  88          0x00,0x18,0xC0,0xE3,0x80,0xF0,0x06,0xE3,0x1B,0x6E,0xE1,0xC0,0x00,0x00,0x00,0x00,
  89          0x00,0x18,0xFF,0xC1,0x80,0x3B,0xFF,0xFF,0x9B,0x6E,0xE1,0xC0,0x00,0x00,0x00,0x00,
  90          0x00,0x1F,0xC1,0x81,0xFF,0xF0,0x03,0x80,0x1B,0x6E,0xE0,0x00,0x00,0x00,0x00,0x00,
  91          0x00,0x1E,0xFF,0x80,0x01,0x80,0x07,0x00,0x1B,0x6E,0xE0,0x00,0x00,0x00,0x00,0x00,
  92          0x00,0x38,0xC1,0x80,0x01,0xB8,0x0E,0x18,0x1B,0x6E,0xE0,0x00,0x00,0x00,0x00,0x00,
  93          0x00,0xF8,0xC1,0x9F,0xFF,0xFC,0x1C,0x3C,0x1B,0x6E,0xE0,0x00,0x00,0x00,0x00,0x00,
  94          0x00,0x18,0xFF,0x80,0xC1,0x80,0x7C,0xE0,0x1B,0x6E,0xE0,0x00,0x00,0x00,0x00,0x00,
  95          0x00,0x18,0xC1,0x80,0x61,0x80,0xEF,0x8C,0x06,0x6F,0xE1,0xC0,0x00,0x00,0x00,0x00,
  96          0x00,0x18,0xC1,0x80,0x61,0x83,0x8C,0x0C,0x06,0x6E,0xC1,0xC0,0x00,0x00,0x00,0x00,
  97          0x00,0x18,0xC1,0x80,0x01,0x83,0x0C,0x0E,0x0C,0x0E,0x00,0x00,0x00,0x00,0x00,0x00,
  98          0x00,0x78,0xFF,0x80,0x1F,0x80,0x0C,0x0E,0x18,0x0E,0x00,0x00,0x00,0x00,0x00,0x00,
  99          0x00,0x38,0xC1,0x80,0x07,0x00,0x0F,0xFC,0x70,0x0E,0x00,0x00,0x00,0x00,0x00,0x00,
 100          0x00,0x00,0x00,0x00,0x00,0x00,0x00,0x00,0x00,0x00,0x00,0x00,0x00,0x00,0x00,0x00,
 101          0x00,0x00,0x00,0x00,0x00,0x00,0x00,0x00,0x00,0x00,0x00,0x00,0x00,0x00,0x00,0x00,
 102          0x00,0x00,0x00,0x00,0x00,0x00,0x00,0x00,0x00,0x00,0x00,0x00,0x00,0x00,0x00,0x00,
 103          0x00,0x00,0x00,0x00,0x00,0x00,0x00,0x00,0x00,0x00,0x00,0x00,0x00,0x00,0x00,0x00,
 104          0x00,0x00,0x00,0x00,0x00,0x00,0x00,0x00,0x00,0x00,0x00,0x00,0x00,0x00,0x00,0x00,
 105          0x00,0x00,0x00,0x00,0x00,0x00,0x00,0x00,0x00,0x00,0x00,0x00,0x00,0x00,0x00,0x00,
 106          0x00,0x00,0x00,0x00,0x00,0x00,0x00,0x00,0x00,0x00,0x00,0x00,0x00,0x00,0x00,0x00,
 107          0x00,0x00,0x00,0x00,0x00,0x00,0x00,0x00,0x00,0x00,0x00,0x00,0x00,0x00,0x00,0x00,
 108          0x00,0x00,0x00,0x00,0x00,0x00,0x00,0x00,0x00,0x00,0x00,0x00,0x00,0x00,0x00,0x00,
 109          0x00,0x00,0x00,0x00,0x00,0x00,0x00,0x00,0x00,0x00,0x00,0x00,0x00,0x00,0x00,0x00,
 110          0x00,0x00,0x00,0x00,0x00,0x00,0x00,0x00,0x00,0x00,0x00,0x00,0x00,0x00,0x00,0x00,
 111          0x00,0x00,0x00,0x00,0x00,0x00,0x00,0x00,0x00,0x00,0x00,0x00,0x00,0x00,0x00,0x00,
 112          0x00,0x00,0x00,0x00,0x00,0x00,0x00,0x00,0x00,0x00,0x00,0x00,0x00,0x00,0x00,0x00,
 113          0x00,0x00,0x00,0x00,0x00,0x00,0x00,0x00,0x0E,0x60,0x00,0x03,0x00,0x30,0x07,0x80,
 114          0x00,0x00,0x00,0x00,0x00,0x00,0x00,0x00,0x0C,0x63,0x0F,0xE7,0x00,0x18,0x1E,0xC0,
 115          0x00,0x00,0x00,0x00,0x00,0x00,0x00,0x07,0xFF,0xFF,0x8C,0xC6,0x1C,0x1B,0xFE,0xC0,
C51 COMPILER V9.00   DISPLAY                                                               06/27/2015 09:59:03 PAGE 3   

 116          0x00,0x00,0x00,0x00,0x00,0x00,0x00,0x00,0x0C,0x60,0x0D,0xFF,0xFC,0xFF,0x86,0xE0,
 117          0x00,0x00,0x00,0x00,0x00,0x00,0x00,0x00,0x7C,0xE6,0x0D,0x8C,0x00,0x0F,0xFF,0xE0,
 118          0x00,0x00,0x00,0x00,0x00,0x00,0x00,0x00,0x62,0xFF,0x0F,0x0D,0x80,0x7C,0x37,0x00,
 119          0x00,0x00,0x00,0x00,0x00,0x00,0x00,0x00,0xFF,0xCC,0x0F,0x19,0xC0,0x3C,0x3F,0x00,
 120          0x00,0x00,0x00,0x00,0x00,0x00,0x00,0x00,0xF7,0x7C,0x0F,0x19,0x80,0x1D,0xFF,0x60,
 121          0x00,0x00,0x00,0x00,0x00,0x00,0x00,0x01,0xFE,0x78,0x0D,0xB1,0x98,0x3F,0xF3,0xE0,
 122          0x00,0x00,0x00,0x00,0x00,0x00,0x00,0x01,0xCC,0x78,0x0C,0xFF,0xFC,0x77,0xFF,0xE0,
 123          0x00,0x00,0x00,0x00,0x00,0x00,0x00,0x03,0x7F,0xFE,0x0C,0xF1,0x80,0xF1,0xF3,0xE0,
 124          0x00,0x00,0x00,0x00,0x00,0x00,0x00,0x06,0x38,0x1F,0xCC,0xC9,0xE1,0xBF,0xFF,0x80,
 125          0x00,0x00,0x00,0x00,0x00,0x00,0x00,0x00,0x7F,0xFC,0x0F,0xDD,0xF0,0x38,0x03,0x00,
 126          0x00,0x00,0x00,0x00,0x00,0x00,0x00,0x00,0xE3,0x80,0x0F,0x99,0xB8,0x38,0xE3,0x00,
 127          0x00,0x00,0x00,0x00,0x00,0x00,0x00,0x01,0xC3,0xA0,0x0C,0x31,0x9C,0x38,0xC3,0x00,
 128          0x00,0x00,0x00,0x00,0x00,0x00,0x00,0x07,0x3B,0xB8,0x0C,0x61,0x8C,0x39,0xE3,0x00,
 129          0x00,0x00,0x00,0x00,0x00,0x00,0x00,0x00,0x73,0x8E,0x0C,0xE1,0x8C,0x3B,0xBF,0x00,
 130          0x00,0x00,0x00,0x00,0x00,0x00,0x00,0x00,0xDF,0x87,0x0D,0xDF,0x80,0x0E,0x07,0x80,
 131          0x00,0x00,0x00,0x00,0x00,0x00,0x00,0x03,0x8F,0x80,0x0D,0x83,0x81,0xF8,0x01,0xC0,
 132          0x00,0x00,0x00,0x00,0x00,0x00,0x00,0x03,0x03,0x00,0x00,0x00,0x00,0x00,0x00,0x00,
 133          0x00,0x00,0x00,0x00,0x00,0x00,0x00,0x00,0x00,0x00,0x00,0x00,0x00,0x00,0x00,0x00,
 134          0x00,0x00,0x00,0x00,0x00,0x00,0x00,0x00,0x00,0x00,0x00,0x00,0x00,0x00,0x00,0x00,
 135          0x00,0x00,0x00,0x00,0x00,0x00,0x00,0x00,0x00,0x00,0x00,0x00,0x00,0x00,0x00,0x00,
 136          };
 137          
 138          code u8 author[] = {
 139          0x00,0x00,0x00,0x00,0x00,0x00,0x00,0x00,0x00,0x00,0x00,0x00,0x00,0x00,0x00,0x00,
 140          0x00,0x00,0x00,0x00,0x00,0x00,0x00,0x00,0x00,0x00,0x00,0x00,0x00,0x00,0x00,0x00,
 141          0x00,0x00,0x00,0x00,0x00,0x00,0x00,0x00,0x00,0x00,0x00,0x00,0x00,0x00,0x00,0x00,
 142          0x00,0x00,0x00,0x00,0x00,0x00,0x00,0x00,0x00,0x00,0x00,0x00,0x00,0x00,0x00,0x00,
 143          0x00,0x00,0x00,0x00,0x00,0x00,0x00,0x00,0x00,0x00,0x00,0x00,0x00,0x00,0x00,0x00,
 144          0x00,0x00,0x00,0x00,0x00,0x00,0x00,0x00,0x00,0x00,0x00,0x00,0x00,0x00,0x00,0x00,
 145          0x00,0x00,0x00,0x00,0x00,0x00,0x00,0x00,0x00,0x00,0x00,0x00,0x00,0x00,0x00,0x00,
 146          0x00,0x00,0x00,0x00,0x00,0x00,0x00,0x00,0x00,0x00,0x00,0x00,0x00,0x00,0x00,0x00,
 147          0x00,0x38,0xE0,0x00,0x38,0x00,0x00,0x00,0x00,0x00,0x00,0x00,0x00,0x00,0x00,0x00,
 148          0x00,0x31,0xC0,0x00,0x30,0x00,0x00,0x00,0x00,0x00,0x00,0x00,0x00,0x00,0x00,0x00,
 149          0x00,0x71,0x80,0x00,0x37,0x70,0x00,0x00,0x00,0x00,0x00,0x00,0x00,0x00,0x00,0x00,
 150          0x00,0x61,0x81,0x87,0xFF,0xE0,0x00,0x00,0x00,0x00,0x00,0x00,0x00,0x00,0x00,0x00,
 151          0x00,0xE3,0xFF,0xC0,0x31,0xC0,0x00,0x00,0x00,0x00,0x00,0x00,0x00,0x00,0x00,0x00,
 152          0x00,0xC3,0xE0,0x00,0x33,0x80,0x00,0x00,0x00,0x00,0x00,0x00,0x00,0x00,0x00,0x00,
 153          0x00,0xE6,0xE0,0x00,0x37,0x0C,0x1C,0x00,0x00,0x00,0x00,0x00,0x00,0x00,0x00,0x00,
 154          0x01,0xE6,0xE0,0x3F,0xFF,0xFE,0x3C,0x00,0x00,0x00,0x00,0x00,0x00,0x00,0x00,0x00,
 155          0x01,0xEC,0xE7,0x00,0x18,0x00,0x18,0x00,0x00,0x00,0x00,0x00,0x00,0x00,0x00,0x00,
 156          0x03,0xF8,0xFF,0x00,0x30,0xC0,0x00,0x00,0x00,0x00,0x00,0x00,0x00,0x00,0x00,0x00,
 157          0x06,0xF8,0xE0,0x01,0xFF,0xE0,0x00,0x00,0x00,0x00,0x00,0x00,0x00,0x00,0x00,0x00,
 158          0x04,0xE0,0xE0,0x01,0x80,0xE0,0x00,0x00,0x00,0x00,0x00,0x00,0x00,0x00,0x00,0x00,
 159          0x00,0xE0,0xE3,0x87,0x80,0xE0,0x00,0x00,0x00,0x00,0x00,0x00,0x00,0x00,0x00,0x00,
 160          0x00,0xE0,0xFF,0x9F,0xFF,0xE0,0x00,0x00,0x00,0x00,0x00,0x00,0x00,0x00,0x00,0x00,
 161          0x00,0xE0,0xE0,0x39,0x80,0xE0,0x3C,0x00,0x00,0x00,0x00,0x00,0x00,0x00,0x00,0x00,
 162          0x00,0xE0,0xE0,0x01,0x80,0xE0,0x3C,0x00,0x00,0x00,0x00,0x00,0x00,0x00,0x00,0x00,
 163          0x00,0xE0,0xE0,0x01,0x80,0xE0,0x00,0x00,0x00,0x00,0x00,0x00,0x00,0x00,0x00,0x00,
 164          0x00,0xE0,0xE0,0x01,0xFF,0xE0,0x00,0x00,0x00,0x00,0x00,0x00,0x00,0x00,0x00,0x00,
 165          0x00,0xE0,0xE0,0x01,0x80,0xE0,0x00,0x00,0x00,0x00,0x00,0x00,0x00,0x00,0x00,0x00,
 166          0x00,0x00,0x00,0x00,0x00,0x00,0x00,0x00,0x00,0x00,0x00,0x00,0x00,0x00,0x00,0x00,
 167          0x00,0x00,0x00,0x00,0x00,0x00,0x00,0x00,0x00,0x00,0x00,0x00,0x00,0x00,0x00,0x00,
 168          0x00,0x00,0x00,0x00,0x00,0x00,0x00,0x00,0x00,0x00,0x00,0x00,0x00,0x00,0x00,0x00,
 169          0x00,0x00,0x00,0x00,0x00,0x00,0x00,0x00,0x00,0x00,0x00,0x00,0x00,0x00,0x00,0x00,
 170          0x00,0x00,0x00,0x00,0x00,0x00,0x00,0x00,0x00,0x00,0x00,0x00,0x00,0x00,0x00,0x00,
 171          0x00,0x00,0x00,0x00,0x00,0x00,0x00,0x00,0x00,0x00,0x00,0x00,0x00,0x00,0x00,0x00,
 172          0x00,0x00,0x00,0x00,0x00,0x00,0x00,0x00,0x00,0x00,0x00,0x00,0x00,0x00,0x00,0x00,
 173          0x00,0x00,0x00,0x00,0x00,0x00,0x00,0x00,0x00,0x00,0x00,0x00,0x00,0x00,0x00,0x00,
 174          0x00,0x00,0x00,0x00,0x00,0x00,0x00,0x00,0x00,0x00,0x00,0x00,0x00,0x00,0x00,0x00,
 175          0x00,0x00,0x00,0x00,0x00,0x00,0x00,0x07,0x18,0x00,0x00,0x30,0x00,0x00,0x0C,0x00,
 176          0x00,0x00,0x00,0x00,0x00,0x00,0x00,0x03,0x18,0x00,0x40,0x38,0x00,0x30,0x0F,0x00,
 177          0x00,0x00,0x00,0x00,0x00,0x00,0x00,0x03,0x3F,0xC0,0x7E,0x30,0x00,0x38,0x0F,0x80,
C51 COMPILER V9.00   DISPLAY                                                               06/27/2015 09:59:03 PAGE 4   

 178          0x00,0x00,0x00,0x00,0x00,0x00,0x00,0xFF,0xFE,0xC0,0x7E,0x30,0x00,0x19,0xFD,0x80,
 179          0x00,0x00,0x00,0x00,0x00,0x00,0x00,0x03,0x30,0x00,0x6C,0x73,0xC0,0x7F,0x06,0xE0,
 180          0x00,0x00,0x00,0x00,0x00,0x00,0x00,0x0B,0x20,0x00,0x6F,0xFE,0x01,0xEF,0xFF,0x80,
 181          0x00,0x00,0x00,0x00,0x00,0x00,0x00,0x0C,0x03,0x00,0x79,0x78,0x00,0xEF,0x36,0x00,
 182          0x00,0x00,0x00,0x00,0x00,0x00,0x00,0x19,0xFF,0x00,0x6C,0xFC,0x00,0x7D,0xBE,0x00,
 183          0x00,0x00,0x00,0x00,0x00,0x00,0x00,0x3F,0xB6,0x00,0x6C,0xD8,0x00,0x1C,0xF3,0x60,
 184          0x00,0x00,0x00,0x00,0x00,0x00,0x00,0x33,0x3C,0x00,0x66,0xDB,0xC0,0x3E,0xFF,0x60,
 185          0x00,0x00,0x00,0x00,0x00,0x00,0x00,0x7E,0x1C,0x00,0x67,0xFF,0xC0,0x67,0xF5,0xE0,
 186          0x00,0x00,0x00,0x00,0x00,0x00,0x00,0xEE,0xFC,0x00,0x77,0x98,0x01,0xDB,0x7E,0xE0,
 187          0x00,0x00,0x00,0x00,0x00,0x00,0x01,0xBF,0x86,0x00,0x7E,0x18,0x03,0x9F,0xCC,0x70,
 188          0x00,0x00,0x00,0x00,0x00,0x00,0x00,0x38,0x1F,0x00,0x6C,0xFF,0x00,0x1C,0x0C,0x00,
 189          0x00,0x00,0x00,0x00,0x00,0x00,0x00,0x7F,0xFF,0xC0,0x60,0xFB,0x80,0x1C,0xCC,0x00,
 190          0x00,0x00,0x00,0x00,0x00,0x00,0x00,0xE0,0xC1,0xF0,0x61,0x99,0xC0,0x1C,0xCC,0x00,
 191          0x00,0x00,0x00,0x00,0x00,0x00,0x01,0x8C,0xD0,0x00,0x63,0x18,0xE0,0x1D,0xCC,0x00,
 192          0x00,0x00,0x00,0x00,0x00,0x00,0x03,0x0E,0xDC,0x00,0x66,0x18,0x60,0x0D,0xEC,0x00,
 193          0x00,0x00,0x00,0x00,0x00,0x00,0x00,0x18,0xC7,0x00,0x6C,0xD8,0x00,0x03,0x78,0x00,
 194          0x00,0x00,0x00,0x00,0x00,0x00,0x00,0x73,0xC3,0x00,0xE0,0x78,0x00,0x06,0x0E,0x00,
 195          0x00,0x00,0x00,0x00,0x00,0x00,0x00,0xE1,0xC0,0x00,0x60,0x38,0x00,0x1C,0x07,0x80,
 196          0x00,0x00,0x00,0x00,0x00,0x00,0x00,0x00,0xC0,0x00,0x00,0x18,0x00,0xF0,0x01,0x80,
 197          0x00,0x00,0x00,0x00,0x00,0x00,0x00,0x00,0x00,0x00,0x00,0x00,0x00,0x00,0x00,0x00,
 198          0x00,0x00,0x00,0x00,0x00,0x00,0x00,0x00,0x00,0x00,0x00,0x00,0x00,0x00,0x00,0x00,
 199          0x00,0x00,0x00,0x00,0x00,0x00,0x00,0x00,0x00,0x00,0x00,0x00,0x00,0x00,0x00,0x00,
 200          0x00,0x00,0x00,0x00,0x00,0x00,0x00,0x00,0x00,0x00,0x00,0x00,0x00,0x00,0x00,0x00,
 201          0x00,0x00,0x00,0x00,0x00,0x00,0x00,0x00,0x00,0x00,0x00,0x00,0x00,0x00,0x00,0x00,
 202          0x00,0x00,0x00,0x00,0x00,0x00,0x00,0x00,0x00,0x00,0x00,0x00,0x00,0x00,0x00,0x00,
 203          };
 204          
 205          
 206          code u8 over[] = {
 207          0x00,0x00,0x00,0x00,0x00,0x00,0x00,0x00,0x00,0x00,0x00,0x00,0x00,0x00,0x00,0x00,
 208          0x00,0x00,0x00,0x00,0x00,0x00,0x00,0x00,0x00,0x00,0x00,0x00,0x00,0x00,0x00,0x00,
 209          0x00,0x00,0x00,0x00,0x00,0x00,0x00,0x00,0x00,0x00,0x00,0x00,0x00,0x00,0x00,0x00,
 210          0x00,0x00,0x00,0x00,0x00,0x00,0x00,0x00,0x00,0x00,0x00,0x00,0x00,0x00,0x00,0x00,
 211          0x00,0x00,0x00,0x00,0x00,0x00,0x00,0x00,0x00,0x00,0x00,0x00,0x00,0x00,0x00,0x00,
 212          0x00,0x00,0x00,0x00,0x00,0x00,0x00,0x00,0x00,0x00,0x00,0x00,0x00,0x00,0x00,0x00,
 213          0x00,0x00,0x00,0x00,0x00,0x00,0x00,0x00,0x00,0x00,0x00,0x00,0x00,0x00,0x00,0x00,
 214          0x00,0x00,0x00,0x00,0x00,0x00,0x00,0x00,0x00,0x00,0x00,0x00,0x00,0x00,0x00,0x00,
 215          0x00,0x00,0x00,0x00,0x00,0x00,0x00,0x00,0x00,0x00,0x00,0x00,0x00,0x00,0x00,0x00,
 216          0x00,0x00,0x00,0x00,0x00,0x00,0x00,0x00,0x00,0x00,0x00,0x00,0x00,0x00,0x00,0x00,
 217          0x00,0x00,0x00,0x00,0x00,0x00,0x00,0x00,0x00,0x00,0x00,0x00,0x00,0x00,0x00,0x00,
 218          0x00,0x00,0x00,0x00,0x00,0x00,0x00,0x00,0x00,0x00,0x00,0x00,0x00,0x00,0x00,0x00,
 219          0x00,0x00,0x00,0x00,0x00,0x00,0x00,0x00,0x00,0x00,0x00,0x00,0x00,0x00,0x00,0x00,
 220          0x00,0x00,0x00,0x00,0x00,0x00,0x00,0x00,0x00,0x00,0x00,0x00,0x00,0x00,0x00,0x00,
 221          0x00,0x00,0x00,0x00,0x00,0x00,0x00,0x00,0x00,0x00,0x00,0x00,0x00,0x00,0x00,0x00,
 222          0x00,0x00,0x00,0x70,0x00,0x00,0x00,0x00,0x00,0x00,0x00,0x00,0x00,0x00,0x00,0x00,
 223          0x00,0x00,0x00,0xFC,0x00,0x00,0x00,0x00,0x00,0x00,0x00,0x00,0x00,0x00,0x00,0x00,
 224          0x00,0x00,0x00,0x3C,0xFC,0x00,0x00,0x7C,0x0F,0x00,0x00,0x00,0x00,0x00,0x00,0x00,
 225          0x00,0x00,0x00,0x3C,0x3E,0x00,0x00,0x7C,0x7F,0xC0,0x00,0x00,0x00,0x00,0x00,0x00,
 226          0x00,0x00,0x00,0x3C,0x3E,0x00,0x00,0xFE,0x3F,0xC0,0x00,0x00,0x00,0x00,0x00,0x00,
 227          0x00,0x00,0x00,0x3F,0x7C,0x00,0x03,0xFF,0xC7,0xC0,0x00,0x00,0x00,0x00,0x00,0x00,
 228          0x00,0x00,0x00,0x7F,0x7F,0x80,0x1F,0xF9,0xEF,0x80,0x00,0x00,0x00,0x00,0x00,0x00,
 229          0x00,0x00,0x07,0xFC,0xFF,0x80,0x00,0x79,0xEF,0x00,0x00,0x00,0x00,0x00,0x00,0x00,
 230          0x00,0x00,0x07,0xF9,0xF7,0x80,0x00,0x7E,0xFF,0x00,0x00,0x00,0x00,0x00,0x00,0x00,
 231          0x00,0x00,0x03,0xF8,0xEF,0x00,0x00,0xFC,0xFE,0x00,0x00,0x00,0x00,0x00,0x00,0x00,
 232          0x00,0x00,0x00,0xFF,0x9E,0x00,0x03,0xF8,0x78,0x00,0x03,0xF8,0x00,0x00,0x00,0x00,
 233          0x00,0x00,0x00,0xFF,0xBC,0x00,0x0F,0xF8,0x70,0x00,0x07,0xFE,0x00,0x00,0x00,0x00,
 234          0x00,0x00,0x01,0xFF,0xFF,0x80,0xFF,0xF4,0xDE,0x00,0x1F,0x3F,0x00,0x60,0x00,0x00,
 235          0x00,0x00,0x07,0xFF,0xFF,0xC0,0x7F,0xFC,0x3F,0x00,0x3C,0x0F,0xC1,0xF0,0x00,0x00,
 236          0x00,0x00,0x1F,0x7D,0xFF,0xC0,0x7F,0xFF,0xFF,0x00,0x18,0x03,0xE3,0xE0,0x00,0x00,
 237          0x00,0x00,0x7E,0xFC,0xFF,0xC0,0x3E,0xFB,0xFE,0x00,0x00,0x01,0xFF,0x80,0x00,0x00,
 238          0x00,0x01,0xFF,0xFF,0xE7,0x80,0x01,0xF1,0xFE,0x00,0x00,0x00,0x7F,0x00,0x00,0x00,
 239          0x00,0x01,0xF3,0xFE,0xFF,0x80,0x03,0xE0,0x3F,0x00,0x00,0x00,0x00,0x00,0x00,0x00,
C51 COMPILER V9.00   DISPLAY                                                               06/27/2015 09:59:03 PAGE 5   

 240          0x00,0x00,0xE7,0xFC,0xFF,0x80,0x07,0xE0,0xFF,0x00,0x00,0x00,0x00,0x00,0x00,0x00,
 241          0x00,0x00,0x00,0xF8,0x7F,0x80,0x07,0xE1,0xFE,0x00,0x00,0x00,0x00,0x00,0x00,0x00,
 242          0x00,0x00,0x03,0xFE,0x00,0x00,0x07,0xE0,0xFE,0x00,0x00,0x00,0x00,0x00,0x00,0x00,
 243          0x00,0x00,0x0F,0xFF,0xC1,0x00,0x00,0xE0,0x78,0x00,0x00,0x00,0x00,0x00,0x00,0x00,
 244          0x00,0x00,0x03,0x83,0xFD,0xFC,0x00,0xE0,0xFF,0xE0,0x00,0x00,0x00,0x00,0x00,0x00,
 245          0x00,0x00,0x00,0x00,0x7F,0xFE,0x00,0xE7,0xFF,0xF0,0x00,0x00,0x00,0x00,0x00,0x00,
 246          0x00,0x00,0x00,0x00,0x0F,0xF0,0x00,0x67,0xE0,0x20,0x00,0x00,0x00,0x00,0x00,0x00,
 247          0x00,0x00,0x00,0x00,0x00,0x00,0x00,0x63,0x00,0x00,0x00,0x00,0x00,0x00,0x00,0x00,
 248          0x00,0x00,0x00,0x00,0x00,0x00,0x00,0x00,0x00,0x00,0x00,0x00,0x00,0x00,0x00,0x00,
 249          0x00,0x00,0x00,0x00,0x00,0x00,0x00,0x00,0x00,0x00,0x00,0x00,0x00,0x00,0x00,0x00,
 250          0x00,0x00,0x00,0x00,0x00,0x00,0x00,0x00,0x00,0x00,0x00,0x00,0x00,0x00,0x00,0x00,
 251          0x00,0x00,0x00,0x00,0x00,0x00,0x00,0x00,0x00,0x00,0x00,0x00,0x00,0x00,0x00,0x00,
 252          0x00,0x00,0x00,0x00,0x00,0x00,0x00,0x00,0x00,0x00,0x00,0x00,0x00,0x00,0x00,0x00,
 253          0x00,0x00,0x00,0x00,0x00,0x00,0x00,0x00,0x00,0x00,0x00,0x00,0x00,0x00,0x00,0x00,
 254          0x00,0x00,0x00,0x00,0x00,0x00,0x00,0x00,0x00,0x00,0x00,0x00,0x00,0x00,0x00,0x00,
 255          0x00,0x00,0x00,0x00,0x00,0x00,0x00,0x00,0x00,0x00,0x00,0x00,0x00,0x00,0x00,0x00,
 256          0x00,0x00,0x00,0x00,0x00,0x00,0x00,0x00,0x00,0x00,0x00,0x00,0x00,0x00,0x00,0x00,
 257          0x00,0x00,0x00,0x00,0x00,0x00,0x00,0x00,0x00,0x00,0x00,0x00,0x00,0x00,0x00,0x00,
 258          0x00,0x00,0x00,0x00,0x00,0x00,0x00,0x00,0x00,0x00,0x00,0x00,0x00,0x00,0x00,0x00,
 259          0x00,0x00,0x00,0x00,0x00,0x00,0x00,0x00,0x00,0x00,0x00,0x00,0x00,0x00,0x00,0x00,
 260          0x00,0x00,0x00,0x00,0x00,0x00,0x00,0x00,0x00,0x00,0x00,0x00,0x00,0x00,0x00,0x00,
 261          0x00,0x00,0x00,0x00,0x00,0x00,0x00,0x00,0x00,0x00,0x00,0x00,0x00,0x00,0x00,0x00,
 262          0x00,0x00,0x00,0x00,0x00,0x00,0x00,0x00,0x00,0x00,0x00,0x00,0x00,0x00,0x00,0x00,
 263          0x00,0x00,0x00,0x00,0x00,0x00,0x00,0x00,0x00,0x00,0x00,0x00,0x00,0x00,0x00,0x00,
 264          0x00,0x00,0x00,0x00,0x00,0x00,0x00,0x00,0x00,0x00,0x00,0x00,0x00,0x00,0x00,0x00,
 265          0x00,0x00,0x00,0x00,0x00,0x00,0x00,0x00,0x00,0x00,0x00,0x00,0x00,0x00,0x00,0x00,
 266          0x00,0x00,0x00,0x00,0x00,0x00,0x00,0x00,0x00,0x00,0x00,0x00,0x00,0x00,0x00,0x00,
 267          0x00,0x00,0x00,0x00,0x00,0x00,0x00,0x00,0x00,0x00,0x00,0x00,0x00,0x00,0x00,0x00,
 268          0x00,0x00,0x00,0x00,0x00,0x00,0x00,0x00,0x00,0x00,0x00,0x00,0x00,0x00,0x00,0x00,
 269          0x00,0x00,0x00,0x00,0x00,0x00,0x00,0x00,0x00,0x00,0x00,0x00,0x00,0x00,0x00,0x00,
 270          0x00,0x00,0x00,0x00,0x00,0x00,0x00,0x00,0x00,0x00,0x00,0x00,0x00,0x00,0x00,0x00,
 271          };
 272          void DisplayInit(void)
 273          {       
 274   1              LCDClear();
 275   1              DisplayImage(logo);
 276   1              Delayms(3000);
 277   1              LCDClear();
 278   1              DisplayListChar(2,1,PROINFO);
 279   1              DisplayListChar(0,2,GRADE);
 280   1              DisplayListChar(0,3,NAME);
 281   1              DisplayListChar(0,4,ID);
 282   1              Delayms(2000);
 283   1              LCDClear();
 284   1              DisplayListChar(0,1,"µÁ—π∂Ó∂®∑∂Œß£∫");
 285   1              DisplayListChar(0,3,"          0~5 V");
 286   1              Delayms(3000);
 287   1              LCDClear();
 288   1      
 289   1      
 290   1      //      LCD_Clear();
 291   1      //      Delayms(3000);
 292   1      //      DisplayListChar(0,0,"Developer:");
 293   1      //      DisplayListChar(0,1,"  Cai Chen Yun");
 294   1      //      Delayms(3000);
 295   1      //      LCD_Clear();
 296   1      //      DisplayListChar(0,0,"Input Voltage:");
 297   1      //      DisplayListChar(0,1,"       0--5 V");
 298   1      //      Delayms(3000);
 299   1      //      LCD_Clear();
 300   1      }

C51 COMPILER V9.00   DISPLAY                                                               06/27/2015 09:59:03 PAGE 6   


MODULE INFORMATION:   STATIC OVERLAYABLE
   CODE SIZE        =    118    ----
   CONSTANT SIZE    =   4176    ----
   XDATA SIZE       =   ----    ----
   PDATA SIZE       =   ----    ----
   DATA SIZE        =   ----    ----
   IDATA SIZE       =   ----    ----
   BIT SIZE         =   ----    ----
END OF MODULE INFORMATION.


C51 COMPILATION COMPLETE.  0 WARNING(S),  0 ERROR(S)
